<?xml version="1.0" encoding="UTF-8"?>
<!-- Generated by org.testng.reporters.JUnitReportReporter -->
<testsuite hostname="IP-MTY-AMARO" failures="0" tests="1" name="com.google.MainTests" time="3.600" errors="0" timestamp="26 jul. 2022 21:15:33 GMT" skipped="0">
  <testcase classname="com.google.MainTests" name="f" time="3.600"/>
</testsuite> <!-- com.google.MainTests -->
